0 info it worked if it ends with ok
1 verbose cli [ 'C:\\Program Files\\nodejs\\node.exe',
1 verbose cli   'C:\\Program Files\\nodejs\\node_modules\\npm\\bin\\npm-cli.js',
1 verbose cli   'install',
1 verbose cli   'react-router' ]
2 info using npm@3.10.10
3 info using node@v6.10.3
4 silly loadCurrentTree Starting
5 silly install loadCurrentTree
6 silly install readLocalPackageData
7 silly fetchPackageMetaData react-router
8 silly fetchNamedPackageData react-router
9 silly mapToRegistry name react-router
10 silly mapToRegistry using default registry
11 silly mapToRegistry registry https://registry.npmjs.org/
12 silly mapToRegistry data Result {
12 silly mapToRegistry   raw: 'react-router',
12 silly mapToRegistry   scope: null,
12 silly mapToRegistry   escapedName: 'react-router',
12 silly mapToRegistry   name: 'react-router',
12 silly mapToRegistry   rawSpec: '',
12 silly mapToRegistry   spec: 'latest',
12 silly mapToRegistry   type: 'tag' }
13 silly mapToRegistry uri https://registry.npmjs.org/react-router
14 verbose request uri https://registry.npmjs.org/react-router
15 verbose request no auth needed
16 info attempt registry request try #1 at 10:19:24 PM
17 verbose request id 137e7ee8e3854b9d
18 verbose etag W/"5932de33-4045e"
19 verbose lastModified Sat, 03 Jun 2017 16:05:07 GMT
20 http request GET https://registry.npmjs.org/react-router
21 http 304 https://registry.npmjs.org/react-router
22 verbose headers { date: 'Sun, 04 Jun 2017 21:19:27 GMT',
22 verbose headers   via: '1.1 varnish',
22 verbose headers   'cache-control': 'max-age=300',
22 verbose headers   etag: 'W/"5932de33-4045e"',
22 verbose headers   age: '221',
22 verbose headers   connection: 'keep-alive',
22 verbose headers   'x-served-by': 'cache-ams4134-AMS',
22 verbose headers   'x-cache': 'HIT',
22 verbose headers   'x-cache-hits': '1',
22 verbose headers   'x-timer': 'S1496611167.398798,VS0,VE0',
22 verbose headers   vary: 'Accept-Encoding' }
23 silly get cb [ 304,
23 silly get   { date: 'Sun, 04 Jun 2017 21:19:27 GMT',
23 silly get     via: '1.1 varnish',
23 silly get     'cache-control': 'max-age=300',
23 silly get     etag: 'W/"5932de33-4045e"',
23 silly get     age: '221',
23 silly get     connection: 'keep-alive',
23 silly get     'x-served-by': 'cache-ams4134-AMS',
23 silly get     'x-cache': 'HIT',
23 silly get     'x-cache-hits': '1',
23 silly get     'x-timer': 'S1496611167.398798,VS0,VE0',
23 silly get     vary: 'Accept-Encoding' } ]
24 verbose etag https://registry.npmjs.org/react-router from cache
25 verbose get saving react-router to C:\Users\Bobo\AppData\Roaming\npm-cache\registry.npmjs.org\react-router\.cache.json
26 verbose correctMkdir C:\Users\Bobo\AppData\Roaming\npm-cache correctMkdir not in flight; initializing
27 silly install normalizeTree
28 silly loadCurrentTree Finishing
29 silly loadIdealTree Starting
30 silly install loadIdealTree
31 silly cloneCurrentTree Starting
32 silly install cloneCurrentTreeToIdealTree
33 silly cloneCurrentTree Finishing
34 silly loadShrinkwrap Starting
35 silly install loadShrinkwrap
36 silly loadShrinkwrap Finishing
37 silly loadAllDepsIntoIdealTree Starting
38 silly install loadAllDepsIntoIdealTree
39 silly resolveWithNewModule react-router@4.1.1 checking installable status
40 silly cache add args [ 'react-router', null ]
41 verbose cache add spec react-router
42 silly cache add parsed spec Result {
42 silly cache add   raw: 'react-router',
42 silly cache add   scope: null,
42 silly cache add   escapedName: 'react-router',
42 silly cache add   name: 'react-router',
42 silly cache add   rawSpec: '',
42 silly cache add   spec: 'latest',
42 silly cache add   type: 'tag' }
43 silly addNamed react-router@latest
44 verbose addNamed "latest" is being treated as a dist-tag for react-router
45 info addNameTag [ 'react-router', 'latest' ]
46 silly mapToRegistry name react-router
47 silly mapToRegistry using default registry
48 silly mapToRegistry registry https://registry.npmjs.org/
49 silly mapToRegistry data Result {
49 silly mapToRegistry   raw: 'react-router',
49 silly mapToRegistry   scope: null,
49 silly mapToRegistry   escapedName: 'react-router',
49 silly mapToRegistry   name: 'react-router',
49 silly mapToRegistry   rawSpec: '',
49 silly mapToRegistry   spec: 'latest',
49 silly mapToRegistry   type: 'tag' }
50 silly mapToRegistry uri https://registry.npmjs.org/react-router
51 verbose addNameTag registry:https://registry.npmjs.org/react-router not in flight; fetching
52 verbose get https://registry.npmjs.org/react-router not expired, no request
53 silly addNameTag next cb for react-router with tag latest
54 silly addNamed react-router@4.1.1
55 verbose addNamed "4.1.1" is a plain semver version for react-router
56 silly mapToRegistry name react-router
57 silly mapToRegistry using default registry
58 silly mapToRegistry registry https://registry.npmjs.org/
59 silly mapToRegistry data Result {
59 silly mapToRegistry   raw: 'react-router',
59 silly mapToRegistry   scope: null,
59 silly mapToRegistry   escapedName: 'react-router',
59 silly mapToRegistry   name: 'react-router',
59 silly mapToRegistry   rawSpec: '',
59 silly mapToRegistry   spec: 'latest',
59 silly mapToRegistry   type: 'tag' }
60 silly mapToRegistry uri https://registry.npmjs.org/react-router
61 verbose addRemoteTarball https://registry.npmjs.org/react-router/-/react-router-4.1.1.tgz not in flight; adding
62 verbose addRemoteTarball [ 'https://registry.npmjs.org/react-router/-/react-router-4.1.1.tgz',
62 verbose addRemoteTarball   'd448f3b7c1b429a6fbb03395099949c606b1fe95' ]
63 info retry fetch attempt 1 at 10:19:28 PM
64 info attempt registry request try #1 at 10:19:28 PM
65 http fetch GET https://registry.npmjs.org/react-router/-/react-router-4.1.1.tgz
66 http fetch 200 https://registry.npmjs.org/react-router/-/react-router-4.1.1.tgz
67 silly fetchAndShaCheck shasum d448f3b7c1b429a6fbb03395099949c606b1fe95
68 verbose addTmpTarball C:\Users\Bobo\AppData\Local\Temp\npm-4384-eaa0767e\registry.npmjs.org\react-router\-\react-router-4.1.1.tgz not in flight; adding
69 verbose addTmpTarball already have metadata; skipping unpack for react-router@4.1.1
70 verbose correctMkdir C:\Users\Bobo\AppData\Roaming\npm-cache correctMkdir not in flight; initializing
71 silly cache afterAdd react-router@4.1.1
72 verbose afterAdd C:\Users\Bobo\AppData\Roaming\npm-cache\react-router\4.1.1\package\package.json not in flight; writing
73 verbose correctMkdir C:\Users\Bobo\AppData\Roaming\npm-cache correctMkdir not in flight; initializing
74 verbose afterAdd C:\Users\Bobo\AppData\Roaming\npm-cache\react-router\4.1.1\package\package.json written
75 silly fetchNamedPackageData history
76 silly mapToRegistry name history
77 silly mapToRegistry using default registry
78 silly mapToRegistry registry https://registry.npmjs.org/
79 silly mapToRegistry data Result {
79 silly mapToRegistry   raw: 'history',
79 silly mapToRegistry   scope: null,
79 silly mapToRegistry   escapedName: 'history',
79 silly mapToRegistry   name: 'history',
79 silly mapToRegistry   rawSpec: '',
79 silly mapToRegistry   spec: 'latest',
79 silly mapToRegistry   type: 'tag' }
80 silly mapToRegistry uri https://registry.npmjs.org/history
81 silly fetchNamedPackageData hoist-non-react-statics
82 silly mapToRegistry name hoist-non-react-statics
83 silly mapToRegistry using default registry
84 silly mapToRegistry registry https://registry.npmjs.org/
85 silly mapToRegistry data Result {
85 silly mapToRegistry   raw: 'hoist-non-react-statics',
85 silly mapToRegistry   scope: null,
85 silly mapToRegistry   escapedName: 'hoist-non-react-statics',
85 silly mapToRegistry   name: 'hoist-non-react-statics',
85 silly mapToRegistry   rawSpec: '',
85 silly mapToRegistry   spec: 'latest',
85 silly mapToRegistry   type: 'tag' }
86 silly mapToRegistry uri https://registry.npmjs.org/hoist-non-react-statics
87 silly fetchNamedPackageData path-to-regexp
88 silly mapToRegistry name path-to-regexp
89 silly mapToRegistry using default registry
90 silly mapToRegistry registry https://registry.npmjs.org/
91 silly mapToRegistry data Result {
91 silly mapToRegistry   raw: 'path-to-regexp',
91 silly mapToRegistry   scope: null,
91 silly mapToRegistry   escapedName: 'path-to-regexp',
91 silly mapToRegistry   name: 'path-to-regexp',
91 silly mapToRegistry   rawSpec: '',
91 silly mapToRegistry   spec: 'latest',
91 silly mapToRegistry   type: 'tag' }
92 silly mapToRegistry uri https://registry.npmjs.org/path-to-regexp
93 silly fetchNamedPackageData warning
94 silly mapToRegistry name warning
95 silly mapToRegistry using default registry
96 silly mapToRegistry registry https://registry.npmjs.org/
97 silly mapToRegistry data Result {
97 silly mapToRegistry   raw: 'warning',
97 silly mapToRegistry   scope: null,
97 silly mapToRegistry   escapedName: 'warning',
97 silly mapToRegistry   name: 'warning',
97 silly mapToRegistry   rawSpec: '',
97 silly mapToRegistry   spec: 'latest',
97 silly mapToRegistry   type: 'tag' }
98 silly mapToRegistry uri https://registry.npmjs.org/warning
99 verbose request uri https://registry.npmjs.org/history
100 verbose request no auth needed
101 info attempt registry request try #1 at 10:19:29 PM
102 http request GET https://registry.npmjs.org/history
103 verbose request uri https://registry.npmjs.org/hoist-non-react-statics
104 verbose request no auth needed
105 info attempt registry request try #1 at 10:19:29 PM
106 http request GET https://registry.npmjs.org/hoist-non-react-statics
107 verbose request uri https://registry.npmjs.org/warning
108 verbose request no auth needed
109 info attempt registry request try #1 at 10:19:29 PM
110 http request GET https://registry.npmjs.org/warning
111 verbose request uri https://registry.npmjs.org/path-to-regexp
112 verbose request no auth needed
113 info attempt registry request try #1 at 10:19:29 PM
114 verbose etag W/"5919bff6-1758c"
115 verbose lastModified Mon, 15 May 2017 14:49:26 GMT
116 http request GET https://registry.npmjs.org/path-to-regexp
117 http 200 https://registry.npmjs.org/history
118 verbose headers { server: 'nginx/1.10.1',
118 verbose headers   'content-type': 'application/json',
118 verbose headers   'last-modified': 'Wed, 31 May 2017 09:00:42 GMT',
118 verbose headers   etag: 'W/"592e863a-29de2"',
118 verbose headers   'content-encoding': 'gzip',
118 verbose headers   'cache-control': 'max-age=300',
118 verbose headers   'content-length': '15310',
118 verbose headers   'accept-ranges': 'bytes',
118 verbose headers   date: 'Sun, 04 Jun 2017 21:19:29 GMT',
118 verbose headers   via: '1.1 varnish',
118 verbose headers   age: '82',
118 verbose headers   connection: 'keep-alive',
118 verbose headers   'x-served-by': 'cache-ams4134-AMS',
118 verbose headers   'x-cache': 'HIT',
118 verbose headers   'x-cache-hits': '1',
118 verbose headers   'x-timer': 'S1496611170.898956,VS0,VE1',
118 verbose headers   vary: 'Accept-Encoding' }
119 silly get cb [ 200,
119 silly get   { server: 'nginx/1.10.1',
119 silly get     'content-type': 'application/json',
119 silly get     'last-modified': 'Wed, 31 May 2017 09:00:42 GMT',
119 silly get     etag: 'W/"592e863a-29de2"',
119 silly get     'content-encoding': 'gzip',
119 silly get     'cache-control': 'max-age=300',
119 silly get     'content-length': '15310',
119 silly get     'accept-ranges': 'bytes',
119 silly get     date: 'Sun, 04 Jun 2017 21:19:29 GMT',
119 silly get     via: '1.1 varnish',
119 silly get     age: '82',
119 silly get     connection: 'keep-alive',
119 silly get     'x-served-by': 'cache-ams4134-AMS',
119 silly get     'x-cache': 'HIT',
119 silly get     'x-cache-hits': '1',
119 silly get     'x-timer': 'S1496611170.898956,VS0,VE1',
119 silly get     vary: 'Accept-Encoding' } ]
120 verbose get saving history to C:\Users\Bobo\AppData\Roaming\npm-cache\registry.npmjs.org\history\.cache.json
121 verbose correctMkdir C:\Users\Bobo\AppData\Roaming\npm-cache correctMkdir not in flight; initializing
122 silly resolveWithNewModule history@4.6.1 checking installable status
123 silly cache add args [ 'history@^4.6.0', null ]
124 verbose cache add spec history@^4.6.0
125 silly cache add parsed spec Result {
125 silly cache add   raw: 'history@^4.6.0',
125 silly cache add   scope: null,
125 silly cache add   escapedName: 'history',
125 silly cache add   name: 'history',
125 silly cache add   rawSpec: '^4.6.0',
125 silly cache add   spec: '>=4.6.0 <5.0.0',
125 silly cache add   type: 'range' }
126 silly addNamed history@>=4.6.0 <5.0.0
127 verbose addNamed ">=4.6.0 <5.0.0" is a valid semver range for history
128 silly addNameRange { name: 'history', range: '>=4.6.0 <5.0.0', hasData: false }
129 silly mapToRegistry name history
130 silly mapToRegistry using default registry
131 silly mapToRegistry registry https://registry.npmjs.org/
132 silly mapToRegistry data Result {
132 silly mapToRegistry   raw: 'history',
132 silly mapToRegistry   scope: null,
132 silly mapToRegistry   escapedName: 'history',
132 silly mapToRegistry   name: 'history',
132 silly mapToRegistry   rawSpec: '',
132 silly mapToRegistry   spec: 'latest',
132 silly mapToRegistry   type: 'tag' }
133 silly mapToRegistry uri https://registry.npmjs.org/history
134 verbose addNameRange registry:https://registry.npmjs.org/history not in flight; fetching
135 verbose get https://registry.npmjs.org/history not expired, no request
136 silly addNameRange number 2 { name: 'history', range: '>=4.6.0 <5.0.0', hasData: true }
137 silly addNameRange versions [ 'history',
137 silly addNameRange   [ '0.1.0',
137 silly addNameRange     '1.0.0',
137 silly addNameRange     '1.1.0',
137 silly addNameRange     '1.2.0',
137 silly addNameRange     '1.2.1',
137 silly addNameRange     '1.2.2',
137 silly addNameRange     '1.3.0',
137 silly addNameRange     '1.3.1',
137 silly addNameRange     '1.3.2',
137 silly addNameRange     '1.3.3',
137 silly addNameRange     '1.4.0',
137 silly addNameRange     '1.4.1',
137 silly addNameRange     '1.5.0',
137 silly addNameRange     '1.6.0',
137 silly addNameRange     '1.7.0',
137 silly addNameRange     '1.8.0',
137 silly addNameRange     '1.8.1',
137 silly addNameRange     '1.8.2',
137 silly addNameRange     '1.8.3',
137 silly addNameRange     '1.8.4',
137 silly addNameRange     '1.8.5',
137 silly addNameRange     '1.9.0',
137 silly addNameRange     '1.9.1',
137 silly addNameRange     '1.10.0',
137 silly addNameRange     '1.10.1',
137 silly addNameRange     '1.10.2',
137 silly addNameRange     '1.11.0',
137 silly addNameRange     '1.11.1',
137 silly addNameRange     '1.12.0',
137 silly addNameRange     '1.12.1',
137 silly addNameRange     '1.12.2',
137 silly addNameRange     '1.12.3',
137 silly addNameRange     '1.12.4',
137 silly addNameRange     '1.12.5',
137 silly addNameRange     '1.12.6',
137 silly addNameRange     '1.13.0',
137 silly addNameRange     '1.13.1',
137 silly addNameRange     '1.14.0',
137 silly addNameRange     '1.15.0',
137 silly addNameRange     '1.16.0',
137 silly addNameRange     '1.17.0',
137 silly addNameRange     '2.0.0-rc1',
137 silly addNameRange     '2.0.0-rc2',
137 silly addNameRange     '2.0.0-rc3',
137 silly addNameRange     '2.0.0',
137 silly addNameRange     '2.0.1',
137 silly addNameRange     '3.0.0-0',
137 silly addNameRange     '2.0.2',
137 silly addNameRange     '2.1.0',
137 silly addNameRange     '3.0.0-1',
137 silly addNameRange     '3.0.0-2',
137 silly addNameRange     '2.1.1',
137 silly addNameRange     '2.1.2',
137 silly addNameRange     '3.0.0',
137 silly addNameRange     '3.1.0',
137 silly addNameRange     '3.2.0',
137 silly addNameRange     '3.2.1',
137 silly addNameRange     '4.0.0-0',
137 silly addNameRange     '4.0.0-1',
137 silly addNameRange     '4.0.0-2',
137 silly addNameRange     '4.0.0',
137 silly addNameRange     '4.0.1',
137 silly addNameRange     '4.1.0',
137 silly addNameRange     '4.2.0',
137 silly addNameRange     '4.2.1',
137 silly addNameRange     '4.3.0',
137 silly addNameRange     '4.4.0',
137 silly addNameRange     '4.4.1',
137 silly addNameRange     '4.5.0',
137 silly addNameRange     '4.5.1',
137 silly addNameRange     '3.3.0',
137 silly addNameRange     '4.6.0',
137 silly addNameRange     '4.6.1' ] ]
138 silly addNamed history@4.6.1
139 verbose addNamed "4.6.1" is a plain semver version for history
140 silly mapToRegistry name history
141 silly mapToRegistry using default registry
142 silly mapToRegistry registry https://registry.npmjs.org/
143 silly mapToRegistry data Result {
143 silly mapToRegistry   raw: 'history',
143 silly mapToRegistry   scope: null,
143 silly mapToRegistry   escapedName: 'history',
143 silly mapToRegistry   name: 'history',
143 silly mapToRegistry   rawSpec: '',
143 silly mapToRegistry   spec: 'latest',
143 silly mapToRegistry   type: 'tag' }
144 silly mapToRegistry uri https://registry.npmjs.org/history
145 verbose addRemoteTarball https://registry.npmjs.org/history/-/history-4.6.1.tgz not in flight; adding
146 verbose addRemoteTarball [ 'https://registry.npmjs.org/history/-/history-4.6.1.tgz',
146 verbose addRemoteTarball   '911cf8eb65728555a94f2b12780a0c531a14d2fd' ]
147 info retry fetch attempt 1 at 10:19:30 PM
148 info attempt registry request try #1 at 10:19:30 PM
149 http fetch GET https://registry.npmjs.org/history/-/history-4.6.1.tgz
150 http fetch 200 https://registry.npmjs.org/history/-/history-4.6.1.tgz
151 silly fetchAndShaCheck shasum 911cf8eb65728555a94f2b12780a0c531a14d2fd
152 verbose addTmpTarball C:\Users\Bobo\AppData\Local\Temp\npm-4384-eaa0767e\registry.npmjs.org\history\-\history-4.6.1.tgz not in flight; adding
153 verbose addTmpTarball already have metadata; skipping unpack for history@4.6.1
154 verbose correctMkdir C:\Users\Bobo\AppData\Roaming\npm-cache correctMkdir not in flight; initializing
155 http 200 https://registry.npmjs.org/warning
156 verbose headers { server: 'nginx/1.10.1',
156 verbose headers   'content-type': 'application/json',
156 verbose headers   'last-modified': 'Mon, 29 May 2017 02:50:03 GMT',
156 verbose headers   etag: 'W/"592b8c5b-2426"',
156 verbose headers   'content-encoding': 'gzip',
156 verbose headers   'cache-control': 'max-age=300',
156 verbose headers   'content-length': '2221',
156 verbose headers   'accept-ranges': 'bytes',
156 verbose headers   date: 'Sun, 04 Jun 2017 21:19:30 GMT',
156 verbose headers   via: '1.1 varnish',
156 verbose headers   age: '83',
156 verbose headers   connection: 'keep-alive',
156 verbose headers   'x-served-by': 'cache-ams4433-AMS',
156 verbose headers   'x-cache': 'HIT',
156 verbose headers   'x-cache-hits': '1',
156 verbose headers   'x-timer': 'S1496611171.796089,VS0,VE0',
156 verbose headers   vary: 'Accept-Encoding' }
157 silly get cb [ 200,
157 silly get   { server: 'nginx/1.10.1',
157 silly get     'content-type': 'application/json',
157 silly get     'last-modified': 'Mon, 29 May 2017 02:50:03 GMT',
157 silly get     etag: 'W/"592b8c5b-2426"',
157 silly get     'content-encoding': 'gzip',
157 silly get     'cache-control': 'max-age=300',
157 silly get     'content-length': '2221',
157 silly get     'accept-ranges': 'bytes',
157 silly get     date: 'Sun, 04 Jun 2017 21:19:30 GMT',
157 silly get     via: '1.1 varnish',
157 silly get     age: '83',
157 silly get     connection: 'keep-alive',
157 silly get     'x-served-by': 'cache-ams4433-AMS',
157 silly get     'x-cache': 'HIT',
157 silly get     'x-cache-hits': '1',
157 silly get     'x-timer': 'S1496611171.796089,VS0,VE0',
157 silly get     vary: 'Accept-Encoding' } ]
158 verbose get saving warning to C:\Users\Bobo\AppData\Roaming\npm-cache\registry.npmjs.org\warning\.cache.json
159 verbose correctMkdir C:\Users\Bobo\AppData\Roaming\npm-cache correctMkdir not in flight; initializing
160 silly cache afterAdd history@4.6.1
161 verbose afterAdd C:\Users\Bobo\AppData\Roaming\npm-cache\history\4.6.1\package\package.json not in flight; writing
162 verbose correctMkdir C:\Users\Bobo\AppData\Roaming\npm-cache correctMkdir not in flight; initializing
163 silly resolveWithNewModule warning@3.0.0 checking installable status
164 silly cache add args [ 'warning@^3.0.0', null ]
165 verbose cache add spec warning@^3.0.0
166 silly cache add parsed spec Result {
166 silly cache add   raw: 'warning@^3.0.0',
166 silly cache add   scope: null,
166 silly cache add   escapedName: 'warning',
166 silly cache add   name: 'warning',
166 silly cache add   rawSpec: '^3.0.0',
166 silly cache add   spec: '>=3.0.0 <4.0.0',
166 silly cache add   type: 'range' }
167 silly addNamed warning@>=3.0.0 <4.0.0
168 verbose addNamed ">=3.0.0 <4.0.0" is a valid semver range for warning
169 silly addNameRange { name: 'warning', range: '>=3.0.0 <4.0.0', hasData: false }
170 silly mapToRegistry name warning
171 silly mapToRegistry using default registry
172 silly mapToRegistry registry https://registry.npmjs.org/
173 silly mapToRegistry data Result {
173 silly mapToRegistry   raw: 'warning',
173 silly mapToRegistry   scope: null,
173 silly mapToRegistry   escapedName: 'warning',
173 silly mapToRegistry   name: 'warning',
173 silly mapToRegistry   rawSpec: '',
173 silly mapToRegistry   spec: 'latest',
173 silly mapToRegistry   type: 'tag' }
174 silly mapToRegistry uri https://registry.npmjs.org/warning
175 verbose addNameRange registry:https://registry.npmjs.org/warning not in flight; fetching
176 verbose get https://registry.npmjs.org/warning not expired, no request
177 silly addNameRange number 2 { name: 'warning', range: '>=3.0.0 <4.0.0', hasData: true }
178 silly addNameRange versions [ 'warning',
178 silly addNameRange   [ '1.0.0', '1.0.1', '1.0.2', '2.0.0', '2.1.0', '3.0.0' ] ]
179 silly addNamed warning@3.0.0
180 verbose addNamed "3.0.0" is a plain semver version for warning
181 verbose afterAdd C:\Users\Bobo\AppData\Roaming\npm-cache\history\4.6.1\package\package.json written
182 silly mapToRegistry name warning
183 silly mapToRegistry using default registry
184 silly mapToRegistry registry https://registry.npmjs.org/
185 silly mapToRegistry data Result {
185 silly mapToRegistry   raw: 'warning',
185 silly mapToRegistry   scope: null,
185 silly mapToRegistry   escapedName: 'warning',
185 silly mapToRegistry   name: 'warning',
185 silly mapToRegistry   rawSpec: '',
185 silly mapToRegistry   spec: 'latest',
185 silly mapToRegistry   type: 'tag' }
186 silly mapToRegistry uri https://registry.npmjs.org/warning
187 verbose addRemoteTarball https://registry.npmjs.org/warning/-/warning-3.0.0.tgz not in flight; adding
188 verbose addRemoteTarball [ 'https://registry.npmjs.org/warning/-/warning-3.0.0.tgz',
188 verbose addRemoteTarball   '32e5377cb572de4ab04753bdf8821c01ed605b7c' ]
189 info retry fetch attempt 1 at 10:19:30 PM
190 info attempt registry request try #1 at 10:19:30 PM
191 http fetch GET https://registry.npmjs.org/warning/-/warning-3.0.0.tgz
192 http 200 https://registry.npmjs.org/hoist-non-react-statics
193 verbose headers { server: 'nginx/1.10.1',
193 verbose headers   'content-type': 'application/json',
193 verbose headers   'last-modified': 'Fri, 21 Apr 2017 02:53:44 GMT',
193 verbose headers   etag: 'W/"58f97438-4708"',
193 verbose headers   'content-encoding': 'gzip',
193 verbose headers   'cache-control': 'max-age=300',
193 verbose headers   'content-length': '2550',
193 verbose headers   'accept-ranges': 'bytes',
193 verbose headers   date: 'Sun, 04 Jun 2017 21:19:31 GMT',
193 verbose headers   via: '1.1 varnish',
193 verbose headers   age: '84',
193 verbose headers   connection: 'keep-alive',
193 verbose headers   'x-served-by': 'cache-ams4133-AMS',
193 verbose headers   'x-cache': 'HIT',
193 verbose headers   'x-cache-hits': '1',
193 verbose headers   'x-timer': 'S1496611171.089321,VS0,VE1',
193 verbose headers   vary: 'Accept-Encoding' }
194 silly get cb [ 200,
194 silly get   { server: 'nginx/1.10.1',
194 silly get     'content-type': 'application/json',
194 silly get     'last-modified': 'Fri, 21 Apr 2017 02:53:44 GMT',
194 silly get     etag: 'W/"58f97438-4708"',
194 silly get     'content-encoding': 'gzip',
194 silly get     'cache-control': 'max-age=300',
194 silly get     'content-length': '2550',
194 silly get     'accept-ranges': 'bytes',
194 silly get     date: 'Sun, 04 Jun 2017 21:19:31 GMT',
194 silly get     via: '1.1 varnish',
194 silly get     age: '84',
194 silly get     connection: 'keep-alive',
194 silly get     'x-served-by': 'cache-ams4133-AMS',
194 silly get     'x-cache': 'HIT',
194 silly get     'x-cache-hits': '1',
194 silly get     'x-timer': 'S1496611171.089321,VS0,VE1',
194 silly get     vary: 'Accept-Encoding' } ]
195 verbose get saving hoist-non-react-statics to C:\Users\Bobo\AppData\Roaming\npm-cache\registry.npmjs.org\hoist-non-react-statics\.cache.json
196 verbose correctMkdir C:\Users\Bobo\AppData\Roaming\npm-cache correctMkdir not in flight; initializing
197 silly resolveWithNewModule hoist-non-react-statics@1.2.0 checking installable status
198 silly cache add args [ 'hoist-non-react-statics@^1.2.0', null ]
199 verbose cache add spec hoist-non-react-statics@^1.2.0
200 silly cache add parsed spec Result {
200 silly cache add   raw: 'hoist-non-react-statics@^1.2.0',
200 silly cache add   scope: null,
200 silly cache add   escapedName: 'hoist-non-react-statics',
200 silly cache add   name: 'hoist-non-react-statics',
200 silly cache add   rawSpec: '^1.2.0',
200 silly cache add   spec: '>=1.2.0 <2.0.0',
200 silly cache add   type: 'range' }
201 silly addNamed hoist-non-react-statics@>=1.2.0 <2.0.0
202 verbose addNamed ">=1.2.0 <2.0.0" is a valid semver range for hoist-non-react-statics
203 silly addNameRange { name: 'hoist-non-react-statics',
203 silly addNameRange   range: '>=1.2.0 <2.0.0',
203 silly addNameRange   hasData: false }
204 silly mapToRegistry name hoist-non-react-statics
205 silly mapToRegistry using default registry
206 silly mapToRegistry registry https://registry.npmjs.org/
207 silly mapToRegistry data Result {
207 silly mapToRegistry   raw: 'hoist-non-react-statics',
207 silly mapToRegistry   scope: null,
207 silly mapToRegistry   escapedName: 'hoist-non-react-statics',
207 silly mapToRegistry   name: 'hoist-non-react-statics',
207 silly mapToRegistry   rawSpec: '',
207 silly mapToRegistry   spec: 'latest',
207 silly mapToRegistry   type: 'tag' }
208 silly mapToRegistry uri https://registry.npmjs.org/hoist-non-react-statics
209 verbose addNameRange registry:https://registry.npmjs.org/hoist-non-react-statics not in flight; fetching
210 verbose get https://registry.npmjs.org/hoist-non-react-statics not expired, no request
211 silly addNameRange number 2 { name: 'hoist-non-react-statics',
211 silly addNameRange   range: '>=1.2.0 <2.0.0',
211 silly addNameRange   hasData: true }
212 silly addNameRange versions [ 'hoist-non-react-statics',
212 silly addNameRange   [ '1.0.0',
212 silly addNameRange     '1.0.1',
212 silly addNameRange     '1.0.2',
212 silly addNameRange     '1.0.3',
212 silly addNameRange     '1.0.4',
212 silly addNameRange     '1.0.5',
212 silly addNameRange     '1.0.6',
212 silly addNameRange     '1.1.0',
212 silly addNameRange     '1.2.0' ] ]
213 silly addNamed hoist-non-react-statics@1.2.0
214 verbose addNamed "1.2.0" is a plain semver version for hoist-non-react-statics
215 silly mapToRegistry name hoist-non-react-statics
216 silly mapToRegistry using default registry
217 silly mapToRegistry registry https://registry.npmjs.org/
218 silly mapToRegistry data Result {
218 silly mapToRegistry   raw: 'hoist-non-react-statics',
218 silly mapToRegistry   scope: null,
218 silly mapToRegistry   escapedName: 'hoist-non-react-statics',
218 silly mapToRegistry   name: 'hoist-non-react-statics',
218 silly mapToRegistry   rawSpec: '',
218 silly mapToRegistry   spec: 'latest',
218 silly mapToRegistry   type: 'tag' }
219 silly mapToRegistry uri https://registry.npmjs.org/hoist-non-react-statics
220 verbose addRemoteTarball https://registry.npmjs.org/hoist-non-react-statics/-/hoist-non-react-statics-1.2.0.tgz not in flight; adding
221 verbose addRemoteTarball [ 'https://registry.npmjs.org/hoist-non-react-statics/-/hoist-non-react-statics-1.2.0.tgz',
221 verbose addRemoteTarball   'aa448cf0986d55cc40773b17174b7dd066cb7cfb' ]
222 info retry fetch attempt 1 at 10:19:31 PM
223 info attempt registry request try #1 at 10:19:31 PM
224 http fetch GET https://registry.npmjs.org/hoist-non-react-statics/-/hoist-non-react-statics-1.2.0.tgz
225 http 200 https://registry.npmjs.org/path-to-regexp
226 verbose headers { server: 'nginx/1.10.1',
226 verbose headers   'content-type': 'application/json',
226 verbose headers   'last-modified': 'Fri, 02 Jun 2017 02:43:19 GMT',
226 verbose headers   etag: 'W/"5930d0c7-1759f"',
226 verbose headers   'content-encoding': 'gzip',
226 verbose headers   'cache-control': 'max-age=300',
226 verbose headers   'content-length': '8734',
226 verbose headers   'accept-ranges': 'bytes',
226 verbose headers   date: 'Sun, 04 Jun 2017 21:19:31 GMT',
226 verbose headers   via: '1.1 varnish',
226 verbose headers   age: '286',
226 verbose headers   connection: 'keep-alive',
226 verbose headers   'x-served-by': 'cache-ams4441-AMS',
226 verbose headers   'x-cache': 'HIT',
226 verbose headers   'x-cache-hits': '1',
226 verbose headers   'x-timer': 'S1496611171.275853,VS0,VE1',
226 verbose headers   vary: 'Accept-Encoding' }
227 silly get cb [ 200,
227 silly get   { server: 'nginx/1.10.1',
227 silly get     'content-type': 'application/json',
227 silly get     'last-modified': 'Fri, 02 Jun 2017 02:43:19 GMT',
227 silly get     etag: 'W/"5930d0c7-1759f"',
227 silly get     'content-encoding': 'gzip',
227 silly get     'cache-control': 'max-age=300',
227 silly get     'content-length': '8734',
227 silly get     'accept-ranges': 'bytes',
227 silly get     date: 'Sun, 04 Jun 2017 21:19:31 GMT',
227 silly get     via: '1.1 varnish',
227 silly get     age: '286',
227 silly get     connection: 'keep-alive',
227 silly get     'x-served-by': 'cache-ams4441-AMS',
227 silly get     'x-cache': 'HIT',
227 silly get     'x-cache-hits': '1',
227 silly get     'x-timer': 'S1496611171.275853,VS0,VE1',
227 silly get     vary: 'Accept-Encoding' } ]
228 verbose get saving path-to-regexp to C:\Users\Bobo\AppData\Roaming\npm-cache\registry.npmjs.org\path-to-regexp\.cache.json
229 verbose correctMkdir C:\Users\Bobo\AppData\Roaming\npm-cache correctMkdir not in flight; initializing
230 http fetch 200 https://registry.npmjs.org/warning/-/warning-3.0.0.tgz
231 silly resolveWithNewModule path-to-regexp@1.7.0 checking installable status
232 silly cache add args [ 'path-to-regexp@^1.5.3', null ]
233 verbose cache add spec path-to-regexp@^1.5.3
234 silly cache add parsed spec Result {
234 silly cache add   raw: 'path-to-regexp@^1.5.3',
234 silly cache add   scope: null,
234 silly cache add   escapedName: 'path-to-regexp',
234 silly cache add   name: 'path-to-regexp',
234 silly cache add   rawSpec: '^1.5.3',
234 silly cache add   spec: '>=1.5.3 <2.0.0',
234 silly cache add   type: 'range' }
235 silly addNamed path-to-regexp@>=1.5.3 <2.0.0
236 verbose addNamed ">=1.5.3 <2.0.0" is a valid semver range for path-to-regexp
237 silly addNameRange { name: 'path-to-regexp',
237 silly addNameRange   range: '>=1.5.3 <2.0.0',
237 silly addNameRange   hasData: false }
238 silly mapToRegistry name path-to-regexp
239 silly mapToRegistry using default registry
240 silly mapToRegistry registry https://registry.npmjs.org/
241 silly mapToRegistry data Result {
241 silly mapToRegistry   raw: 'path-to-regexp',
241 silly mapToRegistry   scope: null,
241 silly mapToRegistry   escapedName: 'path-to-regexp',
241 silly mapToRegistry   name: 'path-to-regexp',
241 silly mapToRegistry   rawSpec: '',
241 silly mapToRegistry   spec: 'latest',
241 silly mapToRegistry   type: 'tag' }
242 silly mapToRegistry uri https://registry.npmjs.org/path-to-regexp
243 verbose addNameRange registry:https://registry.npmjs.org/path-to-regexp not in flight; fetching
244 verbose get https://registry.npmjs.org/path-to-regexp not expired, no request
245 silly addNameRange number 2 { name: 'path-to-regexp',
245 silly addNameRange   range: '>=1.5.3 <2.0.0',
245 silly addNameRange   hasData: true }
246 silly addNameRange versions [ 'path-to-regexp',
246 silly addNameRange   [ '0.0.1',
246 silly addNameRange     '0.0.2',
246 silly addNameRange     '0.1.0',
246 silly addNameRange     '0.1.1',
246 silly addNameRange     '0.1.2',
246 silly addNameRange     '0.2.0',
246 silly addNameRange     '0.2.1',
246 silly addNameRange     '0.1.3',
246 silly addNameRange     '0.2.2',
246 silly addNameRange     '0.2.3',
246 silly addNameRange     '0.2.4',
246 silly addNameRange     '0.2.5',
246 silly addNameRange     '1.0.0',
246 silly addNameRange     '1.0.1',
246 silly addNameRange     '1.0.2',
246 silly addNameRange     '1.0.3',
246 silly addNameRange     '0.1.4',
246 silly addNameRange     '0.1.5',
246 silly addNameRange     '1.1.0',
246 silly addNameRange     '1.1.1',
246 silly addNameRange     '1.2.0',
246 silly addNameRange     '0.1.6',
246 silly addNameRange     '0.1.7',
246 silly addNameRange     '1.2.1',
246 silly addNameRange     '1.3.0',
246 silly addNameRange     '1.4.0',
246 silly addNameRange     '1.5.0',
246 silly addNameRange     '1.5.1',
246 silly addNameRange     '1.5.2',
246 silly addNameRange     '1.5.3',
246 silly addNameRange     '1.6.0',
246 silly addNameRange     '1.7.0' ] ]
247 silly addNamed path-to-regexp@1.7.0
248 verbose addNamed "1.7.0" is a plain semver version for path-to-regexp
249 silly fetchAndShaCheck shasum 32e5377cb572de4ab04753bdf8821c01ed605b7c
250 verbose addTmpTarball C:\Users\Bobo\AppData\Local\Temp\npm-4384-eaa0767e\registry.npmjs.org\warning\-\warning-3.0.0.tgz not in flight; adding
251 verbose addTmpTarball already have metadata; skipping unpack for warning@3.0.0
252 verbose correctMkdir C:\Users\Bobo\AppData\Roaming\npm-cache correctMkdir not in flight; initializing
253 silly mapToRegistry name path-to-regexp
254 silly mapToRegistry using default registry
255 silly mapToRegistry registry https://registry.npmjs.org/
256 silly mapToRegistry data Result {
256 silly mapToRegistry   raw: 'path-to-regexp',
256 silly mapToRegistry   scope: null,
256 silly mapToRegistry   escapedName: 'path-to-regexp',
256 silly mapToRegistry   name: 'path-to-regexp',
256 silly mapToRegistry   rawSpec: '',
256 silly mapToRegistry   spec: 'latest',
256 silly mapToRegistry   type: 'tag' }
257 silly mapToRegistry uri https://registry.npmjs.org/path-to-regexp
258 verbose addRemoteTarball https://registry.npmjs.org/path-to-regexp/-/path-to-regexp-1.7.0.tgz not in flight; adding
259 verbose addRemoteTarball [ 'https://registry.npmjs.org/path-to-regexp/-/path-to-regexp-1.7.0.tgz',
259 verbose addRemoteTarball   '59fde0f435badacba103a84e9d3bc64e96b9937d' ]
260 info retry fetch attempt 1 at 10:19:31 PM
261 info attempt registry request try #1 at 10:19:31 PM
262 http fetch GET https://registry.npmjs.org/path-to-regexp/-/path-to-regexp-1.7.0.tgz
263 silly cache afterAdd warning@3.0.0
264 verbose afterAdd C:\Users\Bobo\AppData\Roaming\npm-cache\warning\3.0.0\package\package.json not in flight; writing
265 verbose correctMkdir C:\Users\Bobo\AppData\Roaming\npm-cache correctMkdir not in flight; initializing
266 verbose afterAdd C:\Users\Bobo\AppData\Roaming\npm-cache\warning\3.0.0\package\package.json written
267 http fetch 200 https://registry.npmjs.org/hoist-non-react-statics/-/hoist-non-react-statics-1.2.0.tgz
268 silly fetchAndShaCheck shasum aa448cf0986d55cc40773b17174b7dd066cb7cfb
269 verbose addTmpTarball C:\Users\Bobo\AppData\Local\Temp\npm-4384-eaa0767e\registry.npmjs.org\hoist-non-react-statics\-\hoist-non-react-statics-1.2.0.tgz not in flight; adding
270 verbose addTmpTarball already have metadata; skipping unpack for hoist-non-react-statics@1.2.0
271 verbose correctMkdir C:\Users\Bobo\AppData\Roaming\npm-cache correctMkdir not in flight; initializing
272 silly cache afterAdd hoist-non-react-statics@1.2.0
273 verbose afterAdd C:\Users\Bobo\AppData\Roaming\npm-cache\hoist-non-react-statics\1.2.0\package\package.json not in flight; writing
274 verbose correctMkdir C:\Users\Bobo\AppData\Roaming\npm-cache correctMkdir not in flight; initializing
275 verbose afterAdd C:\Users\Bobo\AppData\Roaming\npm-cache\hoist-non-react-statics\1.2.0\package\package.json written
276 http fetch 200 https://registry.npmjs.org/path-to-regexp/-/path-to-regexp-1.7.0.tgz
277 warn retry will retry, error on last attempt: Error: EBUSY: resource busy or locked, rename 'C:\Users\Bobo\AppData\Local\Temp\npm-4384-eaa0767e\registry.npmjs.org\path-to-regexp\-\path-to-regexp-1.7.0.tgz.854476680' -> 'C:\Users\Bobo\AppData\Local\Temp\npm-4384-eaa0767e\registry.npmjs.org\path-to-regexp\-\path-to-regexp-1.7.0.tgz'
278 verbose stack TypeError: tarball.destroy is not a function
278 verbose stack     at WriteStreamAtomic.<anonymous> (C:\Program Files\nodejs\node_modules\npm\lib\cache\add-remote-tarball.js:97:15)
278 verbose stack     at emitOne (events.js:101:20)
278 verbose stack     at WriteStreamAtomic.emit (events.js:188:7)
278 verbose stack     at WriteStreamAtomic.emit (C:\Program Files\nodejs\node_modules\npm\node_modules\fs-write-stream-atomic\index.js:60:34)
278 verbose stack     at C:\Program Files\nodejs\node_modules\npm\node_modules\fs-write-stream-atomic\index.js:89:19
278 verbose stack     at FSReqWrap.oncomplete (fs.js:123:15)
279 verbose cwd C:\Users\Bobo\Documents\post-it-app
280 error Windows_NT 6.1.7601
281 error argv "C:\\Program Files\\nodejs\\node.exe" "C:\\Program Files\\nodejs\\node_modules\\npm\\bin\\npm-cli.js" "install" "react-router"
282 error node v6.10.3
283 error npm  v3.10.10
284 error tarball.destroy is not a function
285 error If you need help, you may report this error at:
285 error     <https://github.com/npm/npm/issues>
286 verbose exit [ 1, true ]
